ISim log file
Running: C:\Users\Eslam\final_project_Stop_watch\TOP_isim_beh.exe -gui -tclbatch isim.cmd -wdb C:/Users/Eslam/final_project_Stop_watch/TOP_isim_beh.wdb 
ISim M.63c (signature 0x7dea747)
WARNING: A WEBPACK license was found.
WARNING: Please use Xilinx License Configuration Manager to check out a full ISim license.
WARNING: ISim will run in Lite mode. Please refer to the ISim documentation for more information on the differences between the Lite and the Full version.
This is a Lite version of ISim.
Time resolution is 1 ps
# onerror resume
# wave add /
# run 1000 ns
Simulator is doing circuit initialization process.
Finished circuit initialization process.
# isim force add /top/clock 1 -radix bin -value 0 -radix bin -time 500 ns -repeat 1 us
# isim force add /top/start_stop 1 -radix bin
# isim force add /top/sec_in 00000011 -radix bin
# isim force add /top/min_in 00000001 -radix bin
# run 1.00us
# isim force add /top/start_stop 0 -radix bin
# run 1.00us
# run 1.00us
# run 1.00us
# isim force add /top/start_stop 1 -radix bin
# run 1.00us
# run 1.00us
# run 1.00us
